<?xml version="1.0" encoding="UTF-8"?>
<!-- Generated by org.testng.reporters.JUnitReportReporter -->
<testsuite hostname="PRATIK" failures="0" tests="2" name="cucumber.Options.TestRunner" time="7.187" errors="0" timestamp="2023-03-06T13:15:22 IST" skipped="0">
  <testcase classname="cucumber.Options.TestRunner" name="runScenario" time="0.911"/>
  <system-out/>
  <testcase classname="cucumber.Options.TestRunner" name="runScenario" time="6.276"/>
  <system-out/>
</testsuite> <!-- cucumber.Options.TestRunner -->
